2025-08-04 00:17:02:172 [32minfo[39m: [32m🚀 Starting data fetch and AI generation flow...[39m
2025-08-04 00:17:02:172 [31merror[39m: [31m❌ Data fetch and AI generation failed: Cookies can only be modified in a Server Action or Route Handler. Read more: https://nextjs.org/docs/app/api-reference/functions/cookies#options[39m
2025-08-04 00:26:00:260 [32minfo[39m: [32m🚀 Starting data fetch and AI generation flow...[39m
2025-08-04 00:26:00:260 [31merror[39m: [31m❌ Data fetch and AI generation failed: Cookies can only be modified in a Server Action or Route Handler. Read more: https://nextjs.org/docs/app/api-reference/functions/cookies#options[39m
2025-08-04 00:28:14:2814 [32minfo[39m: [32m🚀 Starting data fetch and AI generation flow...[39m
2025-08-04 00:28:14:2814 [31merror[39m: [31m❌ Data fetch and AI generation failed: Cookies can only be modified in a Server Action or Route Handler. Read more: https://nextjs.org/docs/app/api-reference/functions/cookies#options[39m
2025-08-04 00:28:51:2851 [32minfo[39m: [32m🚀 Starting data fetch and AI generation flow...[39m
2025-08-04 00:28:51:2851 [31merror[39m: [31m❌ Data fetch and AI generation failed: Cookies can only be modified in a Server Action or Route Handler. Read more: https://nextjs.org/docs/app/api-reference/functions/cookies#options[39m
2025-08-04 00:29:07:297 [32minfo[39m: [32m🚀 Starting data fetch and AI generation flow...[39m
2025-08-04 00:29:07:297 [31merror[39m: [31m❌ Data fetch and AI generation failed: Cookies can only be modified in a Server Action or Route Handler. Read more: https://nextjs.org/docs/app/api-reference/functions/cookies#options[39m
2025-08-04 00:30:25:3025 [32minfo[39m: [32m🚀 Starting data fetch and AI generation flow...[39m
2025-08-04 00:30:25:3025 [31merror[39m: [31m❌ Data fetch and AI generation failed: sessionManager.getOrCreateSessionId is not a function[39m
2025-08-04 00:30:37:3037 [32minfo[39m: [32m🚀 Starting data fetch and AI generation flow...[39m
2025-08-04 00:30:37:3037 [32minfo[39m: [32mGenerated temporary session for request[39m
2025-08-04 00:30:37:3037 [32minfo[39m: [32mConnected to MongoDB![39m
2025-08-04 00:30:37:3037 [32minfo[39m: [32mSuccessfully connected to MongoDB.[39m
2025-08-04 00:30:37:3037 [32minfo[39m: [32mCache miss for endpoint: https://jsonplaceholder.typicode.com/posts[39m
2025-08-04 00:30:37:3037 [32minfo[39m: [32mCache miss - generating new AI response[39m
2025-08-04 00:30:47:3047 [32minfo[39m: [32m🚀 Starting data fetch and AI generation flow...[39m
2025-08-04 00:30:47:3047 [32minfo[39m: [32mGenerated temporary session for request[39m
2025-08-04 00:30:47:3047 [32minfo[39m: [32mConnected to MongoDB![39m
2025-08-04 00:30:47:3047 [32minfo[39m: [32mSuccessfully connected to MongoDB.[39m
2025-08-04 00:30:47:3047 [32minfo[39m: [32mCache miss for endpoint: https://jsonplaceholder.typicode.com/posts[39m
2025-08-04 00:30:47:3047 [32minfo[39m: [32mCache miss - generating new AI response[39m
2025-08-04 00:30:59:3059 [32minfo[39m: [32mUsing existing database connection[39m
2025-08-04 00:30:59:3059 [32minfo[39m: [32mCached AI response for endpoint: https://jsonplaceholder.typicode.com/posts[39m
2025-08-04 00:30:59:3059 [32minfo[39m: [32m✅ AI response cached successfully[39m
2025-08-04 00:30:59:3059 [32minfo[39m: [32m✅ Data fetch and AI generation successful[39m
2025-08-04 00:31:00:310 [32minfo[39m: [32mUsing existing database connection[39m
2025-08-04 00:31:00:310 [32minfo[39m: [32mCached AI response for endpoint: https://jsonplaceholder.typicode.com/posts[39m
2025-08-04 00:31:00:310 [32minfo[39m: [32m✅ AI response cached successfully[39m
2025-08-04 00:31:00:310 [32minfo[39m: [32m✅ Data fetch and AI generation successful[39m
2025-08-04 00:31:32:3132 [32minfo[39m: [32m🚀 Starting data fetch and AI generation flow...[39m
2025-08-04 00:31:32:3132 [32minfo[39m: [32mGenerated temporary session for request[39m
2025-08-04 00:31:32:3132 [32minfo[39m: [32mConnected to MongoDB![39m
2025-08-04 00:31:32:3132 [32minfo[39m: [32mSuccessfully connected to MongoDB.[39m
2025-08-04 00:31:32:3132 [32minfo[39m: [32mCache miss for endpoint: https://jsonplaceholder.typicode.com/posts[39m
2025-08-04 00:31:32:3132 [32minfo[39m: [32mCache miss - generating new AI response[39m
2025-08-04 00:31:46:3146 [32minfo[39m: [32mUsing existing database connection[39m
2025-08-04 00:31:46:3146 [32minfo[39m: [32mCached AI response for endpoint: https://jsonplaceholder.typicode.com/posts[39m
2025-08-04 00:31:46:3146 [32minfo[39m: [32m✅ AI response cached successfully[39m
2025-08-04 00:31:46:3146 [32minfo[39m: [32m✅ Data fetch and AI generation successful[39m
2025-08-04 00:39:14:3914 [32minfo[39m: [32m🚀 Starting data fetch and AI generation flow...[39m
2025-08-04 00:39:14:3914 [32minfo[39m: [32mGenerated temporary session for request[39m
2025-08-04 00:39:14:3914 [32minfo[39m: [32mConnected to MongoDB![39m
2025-08-04 00:39:14:3914 [32minfo[39m: [32mSuccessfully connected to MongoDB.[39m
2025-08-04 00:39:14:3914 [32minfo[39m: [32mCache miss for endpoint: https://jsonplaceholder.typicode.com/posts[39m
2025-08-04 00:39:14:3914 [32minfo[39m: [32mCache miss - generating new AI response[39m
2025-08-04 00:39:30:3930 [32minfo[39m: [32mUsing existing database connection[39m
2025-08-04 00:39:30:3930 [32minfo[39m: [32mCached AI response for endpoint: https://jsonplaceholder.typicode.com/posts[39m
2025-08-04 00:39:30:3930 [32minfo[39m: [32m✅ AI response cached successfully[39m
2025-08-04 00:39:30:3930 [32minfo[39m: [32m✅ Data fetch and AI generation successful[39m
2025-08-04 00:39:50:3950 [32minfo[39m: [32m🚀 Starting data fetch and AI generation flow...[39m
2025-08-04 00:39:50:3950 [32minfo[39m: [32mGenerated temporary session for request[39m
2025-08-04 00:39:50:3950 [32minfo[39m: [32mConnected to MongoDB![39m
2025-08-04 00:39:50:3950 [32minfo[39m: [32mSuccessfully connected to MongoDB.[39m
2025-08-04 00:39:50:3950 [32minfo[39m: [32mCache miss for endpoint: https://jsonplaceholder.typicode.com/posts[39m
2025-08-04 00:39:50:3950 [32minfo[39m: [32mCache miss - generating new AI response[39m
2025-08-04 00:40:03:403 [32minfo[39m: [32m🚀 Starting data fetch and AI generation flow...[39m
2025-08-04 00:40:03:403 [32minfo[39m: [32mGenerated temporary session for request[39m
2025-08-04 00:40:03:403 [32minfo[39m: [32mConnected to MongoDB![39m
2025-08-04 00:40:03:403 [32minfo[39m: [32mSuccessfully connected to MongoDB.[39m
2025-08-04 00:40:03:403 [32minfo[39m: [32mCache miss for endpoint: https://jsonplaceholder.typicode.com/posts[39m
2025-08-04 00:40:03:403 [32minfo[39m: [32mCache miss - generating new AI response[39m
2025-08-04 00:40:05:405 [32minfo[39m: [32mUsing existing database connection[39m
2025-08-04 00:40:05:405 [32minfo[39m: [32mCached AI response for endpoint: https://jsonplaceholder.typicode.com/posts[39m
2025-08-04 00:40:05:405 [32minfo[39m: [32m✅ AI response cached successfully[39m
2025-08-04 00:40:05:405 [32minfo[39m: [32m✅ Data fetch and AI generation successful[39m
2025-08-04 00:40:13:4013 [32minfo[39m: [32m🚀 Starting data fetch and AI generation flow...[39m
2025-08-04 00:40:13:4013 [32minfo[39m: [32mGenerated temporary session for request[39m
2025-08-04 00:40:13:4013 [32minfo[39m: [32mConnected to MongoDB![39m
2025-08-04 00:40:13:4013 [32minfo[39m: [32mSuccessfully connected to MongoDB.[39m
2025-08-04 00:40:13:4013 [32minfo[39m: [32mCache miss for endpoint: https://jsonplaceholder.typicode.com/posts[39m
2025-08-04 00:40:13:4013 [32minfo[39m: [32mCache miss - generating new AI response[39m
2025-08-04 00:40:17:4017 [32minfo[39m: [32mUsing existing database connection[39m
2025-08-04 00:40:17:4017 [32minfo[39m: [32mCached AI response for endpoint: https://jsonplaceholder.typicode.com/posts[39m
2025-08-04 00:40:17:4017 [32minfo[39m: [32m✅ AI response cached successfully[39m
2025-08-04 00:40:17:4017 [32minfo[39m: [32m✅ Data fetch and AI generation successful[39m
2025-08-04 00:40:26:4026 [32minfo[39m: [32m🚀 Starting data fetch and AI generation flow...[39m
2025-08-04 00:40:26:4026 [32minfo[39m: [32mGenerated temporary session for request[39m
2025-08-04 00:40:26:4026 [32minfo[39m: [32mConnected to MongoDB![39m
2025-08-04 00:40:26:4026 [32minfo[39m: [32mSuccessfully connected to MongoDB.[39m
2025-08-04 00:40:26:4026 [32minfo[39m: [32mCache miss for endpoint: https://jsonplaceholder.typicode.com/posts[39m
2025-08-04 00:40:27:4027 [32minfo[39m: [32mCache miss - generating new AI response[39m
2025-08-04 00:40:32:4032 [32minfo[39m: [32mUsing existing database connection[39m
2025-08-04 00:40:32:4032 [32minfo[39m: [32mCached AI response for endpoint: https://jsonplaceholder.typicode.com/posts[39m
2025-08-04 00:40:32:4032 [32minfo[39m: [32m✅ AI response cached successfully[39m
2025-08-04 00:40:32:4032 [32minfo[39m: [32m✅ Data fetch and AI generation successful[39m
2025-08-04 00:40:40:4040 [32minfo[39m: [32mUsing existing database connection[39m
2025-08-04 00:40:40:4040 [32minfo[39m: [32mCached AI response for endpoint: https://jsonplaceholder.typicode.com/posts[39m
2025-08-04 00:40:40:4040 [32minfo[39m: [32m✅ AI response cached successfully[39m
2025-08-04 00:40:40:4040 [32minfo[39m: [32m✅ Data fetch and AI generation successful[39m
2025-08-04 00:42:14:4214 [32minfo[39m: [32m🚀 Starting data fetch and AI generation flow...[39m
2025-08-04 00:42:14:4214 [32minfo[39m: [32mGenerated temporary session for request[39m
2025-08-04 00:42:14:4214 [32minfo[39m: [32mUsing existing database connection[39m
2025-08-04 00:42:14:4214 [32minfo[39m: [32mCache miss for endpoint: https://jsonplaceholder.typicode.com/posts[39m
2025-08-04 00:42:14:4214 [32minfo[39m: [32mCache miss - generating new AI response[39m
2025-08-04 00:42:28:4228 [32minfo[39m: [32mUsing existing database connection[39m
2025-08-04 00:42:28:4228 [32minfo[39m: [32mCached AI response for endpoint: https://jsonplaceholder.typicode.com/posts[39m
2025-08-04 00:42:28:4228 [32minfo[39m: [32m✅ AI response cached successfully[39m
2025-08-04 00:42:28:4228 [32minfo[39m: [32m✅ Data fetch and AI generation successful[39m
2025-08-04 00:53:30:5330 [32minfo[39m: [32m🚀 Starting data fetch and AI generation flow...[39m
2025-08-04 00:53:30:5330 [32minfo[39m: [32mGenerated temporary session for request[39m
2025-08-04 00:53:30:5330 [32minfo[39m: [32mConnected to MongoDB![39m
2025-08-04 00:53:30:5330 [32minfo[39m: [32mSuccessfully connected to MongoDB.[39m
2025-08-04 00:53:30:5330 [32minfo[39m: [32mCache miss for endpoint: https://jsonplaceholder.typicode.com/posts[39m
2025-08-04 00:53:30:5330 [32minfo[39m: [32mCache miss - generating new AI response[39m
2025-08-04 00:53:33:5333 [32minfo[39m: [32m🚀 Starting data fetch and AI generation flow...[39m
2025-08-04 00:53:33:5333 [32minfo[39m: [32mGenerated temporary session for request[39m
2025-08-04 00:53:33:5333 [32minfo[39m: [32mConnected to MongoDB![39m
2025-08-04 00:53:33:5333 [32minfo[39m: [32mSuccessfully connected to MongoDB.[39m
2025-08-04 00:53:33:5333 [32minfo[39m: [32mCache miss for endpoint: https://jsonplaceholder.typicode.com/posts[39m
2025-08-04 00:53:33:5333 [32minfo[39m: [32mCache miss - generating new AI response[39m
2025-08-04 00:53:47:5347 [32minfo[39m: [32mUsing existing database connection[39m
2025-08-04 00:53:47:5347 [32minfo[39m: [32mCached AI response for endpoint: https://jsonplaceholder.typicode.com/posts[39m
2025-08-04 00:53:47:5347 [32minfo[39m: [32m✅ AI response cached successfully[39m
2025-08-04 00:53:47:5347 [32minfo[39m: [32m✅ Data fetch and AI generation successful[39m
2025-08-04 00:53:48:5348 [32minfo[39m: [32mUsing existing database connection[39m
2025-08-04 00:53:48:5348 [32minfo[39m: [32mCached AI response for endpoint: https://jsonplaceholder.typicode.com/posts[39m
2025-08-04 00:53:48:5348 [32minfo[39m: [32m✅ AI response cached successfully[39m
2025-08-04 00:53:48:5348 [32minfo[39m: [32m✅ Data fetch and AI generation successful[39m
2025-08-04 00:59:24:5924 [32minfo[39m: [32m🚀 Starting data fetch and AI generation flow...[39m
2025-08-04 00:59:24:5924 [32minfo[39m: [32mGenerated temporary session for request[39m
2025-08-04 00:59:24:5924 [32minfo[39m: [32mUsing existing database connection[39m
2025-08-04 00:59:24:5924 [32minfo[39m: [32mCache miss for endpoint: https://jsonplaceholder.typicode.com/posts[39m
2025-08-04 00:59:24:5924 [32minfo[39m: [32mCache miss - generating new AI response[39m
2025-08-04 00:59:34:5934 [32minfo[39m: [32mUsing existing database connection[39m
2025-08-04 00:59:34:5934 [32minfo[39m: [32mCached AI response for endpoint: https://jsonplaceholder.typicode.com/posts[39m
2025-08-04 00:59:34:5934 [32minfo[39m: [32m✅ AI response cached successfully[39m
2025-08-04 00:59:34:5934 [32minfo[39m: [32m✅ Data fetch and AI generation successful[39m
2025-08-04 00:59:49:5949 [32minfo[39m: [32mMongoDB disconnected[39m
2025-08-04 00:59:49:5949 [32minfo[39m: [32mMongoDB disconnected[39m
2025-08-04 00:59:49:5949 [32minfo[39m: [32mMongoDB disconnected[39m
2025-08-04 00:59:49:5949 [32minfo[39m: [32mMongoDB disconnected[39m
2025-08-04 00:59:49:5949 [32minfo[39m: [32mMongoDB disconnected[39m
2025-08-04 00:59:49:5949 [32minfo[39m: [32mMongoDB disconnected[39m
2025-08-04 00:59:49:5949 [32minfo[39m: [32mMongoDB disconnected[39m
2025-08-04 00:59:49:5949 [32minfo[39m: [32mMongoDB disconnected[39m
2025-08-04 00:59:49:5949 [32minfo[39m: [32mMongoDB disconnected[39m
2025-08-04 00:59:49:5949 [32minfo[39m: [32mMongoDB disconnected[39m
2025-08-04 01:00:29:029 [32minfo[39m: [32m🚀 Starting data fetch and AI generation flow...[39m
2025-08-04 01:00:29:029 [32minfo[39m: [32mGenerated temporary session for request[39m
2025-08-04 01:00:29:029 [32minfo[39m: [32mConnected to MongoDB![39m
2025-08-04 01:00:29:029 [32minfo[39m: [32mSuccessfully connected to MongoDB.[39m
2025-08-04 01:00:29:029 [32minfo[39m: [32mCache miss for endpoint: https://jsonplaceholder.typicode.com/posts[39m
2025-08-04 01:00:29:029 [32minfo[39m: [32mCache miss - generating new AI response[39m
2025-08-04 01:00:41:041 [32minfo[39m: [32mUsing existing database connection[39m
2025-08-04 01:00:41:041 [32minfo[39m: [32mCached AI response for endpoint: https://jsonplaceholder.typicode.com/posts[39m
2025-08-04 01:00:41:041 [32minfo[39m: [32m✅ AI response cached successfully[39m
2025-08-04 01:00:41:041 [32minfo[39m: [32m✅ Data fetch and AI generation successful[39m
2025-08-04 01:01:59:159 [32minfo[39m: [32mMongoDB disconnected[39m
2025-08-04 01:10:34:1034 [32minfo[39m: [32m🚀 Starting data fetch and AI generation flow...[39m
2025-08-04 01:10:34:1034 [32minfo[39m: [32mGenerated temporary session for request[39m
2025-08-04 01:10:34:1034 [32minfo[39m: [32m🔍 Checking database cache before AI API call...[39m
2025-08-04 01:10:34:1034 [32minfo[39m: [32mConnected to MongoDB![39m
2025-08-04 01:10:34:1034 [32minfo[39m: [32mSuccessfully connected to MongoDB.[39m
2025-08-04 01:10:34:1034 [32minfo[39m: [32mCache miss for endpoint: https://jsonplaceholder.typicode.com/posts[39m
2025-08-04 01:10:34:1034 [32minfo[39m: [32m❌ CACHE MISS - No existing AI response found in database. Will generate new one.[39m
2025-08-04 01:10:34:1034 [32minfo[39m: [32m🤖 Making AI API call to generate new component...[39m
2025-08-04 01:10:42:1042 [32minfo[39m: [32m💾 Storing new AI response in database cache...[39m
2025-08-04 01:10:42:1042 [32minfo[39m: [32mUsing existing database connection[39m
2025-08-04 01:10:42:1042 [32minfo[39m: [32mCached AI response for endpoint: https://jsonplaceholder.typicode.com/posts[39m
2025-08-04 01:10:42:1042 [32minfo[39m: [32m✅ AI response cached successfully[39m
2025-08-04 01:10:42:1042 [32minfo[39m: [32m✅ Data fetch and AI generation successful[39m
2025-08-04 01:27:45:2745 [32minfo[39m: [32m🚀 Starting data fetch and AI generation flow...[39m
2025-08-04 01:27:45:2745 [32minfo[39m: [32mGenerated temporary session for request[39m
2025-08-04 01:27:45:2745 [32minfo[39m: [32m🔍 Checking database cache before AI API call...[39m
2025-08-04 01:27:45:2745 [32minfo[39m: [32mConnected to MongoDB![39m
2025-08-04 01:27:45:2745 [32minfo[39m: [32mSuccessfully connected to MongoDB.[39m
2025-08-04 01:27:45:2745 [32minfo[39m: [32mCache miss for endpoint: https://jsonplaceholder.typicode.com/posts[39m
2025-08-04 01:27:45:2745 [32minfo[39m: [32m❌ CACHE MISS - No existing AI response found in database. Will generate new one.[39m
2025-08-04 01:27:45:2745 [32minfo[39m: [32m🤖 Making AI API call to generate new component...[39m
2025-08-04 01:27:56:2756 [32minfo[39m: [32m💾 Storing new AI response in database cache...[39m
2025-08-04 01:27:56:2756 [32minfo[39m: [32mUsing existing database connection[39m
2025-08-04 01:27:56:2756 [32minfo[39m: [32mCached AI response for endpoint: https://jsonplaceholder.typicode.com/posts[39m
2025-08-04 01:27:56:2756 [32minfo[39m: [32m✅ AI response cached successfully[39m
2025-08-04 01:27:56:2756 [32minfo[39m: [32m✅ Data fetch and AI generation successful[39m
2025-08-04 01:37:53:3753 [32minfo[39m: [32m🚀 Starting data fetch and AI generation flow...[39m
2025-08-04 01:37:53:3753 [32minfo[39m: [32mGenerated temporary session for request[39m
2025-08-04 01:37:53:3753 [32minfo[39m: [32m🔍 Checking database cache before AI API call...[39m
2025-08-04 01:37:53:3753 [32minfo[39m: [32mConnected to MongoDB![39m
2025-08-04 01:37:53:3753 [32minfo[39m: [32mSuccessfully connected to MongoDB.[39m
2025-08-04 01:37:53:3753 [32minfo[39m: [32mCache miss for endpoint: https://jsonplaceholder.typicode.com/posts[39m
2025-08-04 01:37:53:3753 [32minfo[39m: [32m❌ CACHE MISS - No existing AI response found in database. Will generate new one.[39m
2025-08-04 01:37:53:3753 [32minfo[39m: [32m🤖 Making AI API call to generate new component...[39m
2025-08-04 01:38:07:387 [32minfo[39m: [32m🚀 Starting data fetch and AI generation flow...[39m
2025-08-04 01:38:07:387 [32minfo[39m: [32mGenerated temporary session for request[39m
2025-08-04 01:38:07:387 [32minfo[39m: [32m🔍 Checking database cache before AI API call...[39m
2025-08-04 01:38:07:387 [32minfo[39m: [32mConnected to MongoDB![39m
2025-08-04 01:38:07:387 [32minfo[39m: [32mSuccessfully connected to MongoDB.[39m
2025-08-04 01:38:07:387 [32minfo[39m: [32mCache miss for endpoint: https://jsonplaceholder.typicode.com/posts[39m
2025-08-04 01:38:07:387 [32minfo[39m: [32m❌ CACHE MISS - No existing AI response found in database. Will generate new one.[39m
2025-08-04 01:38:07:387 [32minfo[39m: [32m🤖 Making AI API call to generate new component...[39m
2025-08-04 01:38:11:3811 [32minfo[39m: [32m💾 Storing new AI response in database cache...[39m
2025-08-04 01:38:11:3811 [32minfo[39m: [32mUsing existing database connection[39m
2025-08-04 01:38:11:3811 [32minfo[39m: [32mCached AI response for endpoint: https://jsonplaceholder.typicode.com/posts[39m
2025-08-04 01:38:11:3811 [32minfo[39m: [32m✅ AI response cached successfully[39m
2025-08-04 01:38:11:3811 [32minfo[39m: [32m✅ Data fetch and AI generation successful[39m
2025-08-04 01:38:19:3819 [32minfo[39m: [32m💾 Storing new AI response in database cache...[39m
2025-08-04 01:38:19:3819 [32minfo[39m: [32mUsing existing database connection[39m
2025-08-04 01:38:19:3819 [32minfo[39m: [32mCached AI response for endpoint: https://jsonplaceholder.typicode.com/posts[39m
2025-08-04 01:38:19:3819 [32minfo[39m: [32m✅ AI response cached successfully[39m
2025-08-04 01:38:19:3819 [32minfo[39m: [32m✅ Data fetch and AI generation successful[39m
2025-08-04 01:38:20:3820 [32minfo[39m: [32m🚀 Starting data fetch and AI generation flow...[39m
2025-08-04 01:38:20:3820 [32minfo[39m: [32mGenerated temporary session for request[39m
2025-08-04 01:38:20:3820 [32minfo[39m: [32m🔍 Checking database cache before AI API call...[39m
2025-08-04 01:38:20:3820 [32minfo[39m: [32mConnected to MongoDB![39m
2025-08-04 01:38:20:3820 [32minfo[39m: [32mSuccessfully connected to MongoDB.[39m
2025-08-04 01:38:20:3820 [32minfo[39m: [32mCache miss for endpoint: https://jsonplaceholder.typicode.com/posts[39m
2025-08-04 01:38:20:3820 [32minfo[39m: [32m❌ CACHE MISS - No existing AI response found in database. Will generate new one.[39m
2025-08-04 01:38:20:3820 [32minfo[39m: [32m🤖 Making AI API call to generate new component...[39m
2025-08-04 01:38:31:3831 [32minfo[39m: [32m💾 Storing new AI response in database cache...[39m
2025-08-04 01:38:31:3831 [32minfo[39m: [32mUsing existing database connection[39m
2025-08-04 01:38:31:3831 [32minfo[39m: [32mCached AI response for endpoint: https://jsonplaceholder.typicode.com/posts[39m
2025-08-04 01:38:31:3831 [32minfo[39m: [32m✅ AI response cached successfully[39m
2025-08-04 01:38:31:3831 [32minfo[39m: [32m✅ Data fetch and AI generation successful[39m
2025-08-04 01:38:36:3836 [32minfo[39m: [32m🚀 Starting data fetch and AI generation flow...[39m
2025-08-04 01:38:36:3836 [32minfo[39m: [32mGenerated temporary session for request[39m
2025-08-04 01:38:36:3836 [32minfo[39m: [32m🔍 Checking database cache before AI API call...[39m
2025-08-04 01:38:36:3836 [32minfo[39m: [32mConnected to MongoDB![39m
2025-08-04 01:38:36:3836 [32minfo[39m: [32mSuccessfully connected to MongoDB.[39m
2025-08-04 01:38:36:3836 [32minfo[39m: [32mCache miss for endpoint: https://jsonplaceholder.typicode.com/posts[39m
2025-08-04 01:38:36:3836 [32minfo[39m: [32m❌ CACHE MISS - No existing AI response found in database. Will generate new one.[39m
2025-08-04 01:38:36:3836 [32minfo[39m: [32m🤖 Making AI API call to generate new component...[39m
2025-08-04 01:38:49:3849 [32minfo[39m: [32m💾 Storing new AI response in database cache...[39m
2025-08-04 01:38:49:3849 [32minfo[39m: [32mUsing existing database connection[39m
2025-08-04 01:38:49:3849 [32minfo[39m: [32mCached AI response for endpoint: https://jsonplaceholder.typicode.com/posts[39m
2025-08-04 01:38:49:3849 [32minfo[39m: [32m✅ AI response cached successfully[39m
2025-08-04 01:38:49:3849 [32minfo[39m: [32m✅ Data fetch and AI generation successful[39m
2025-08-04 01:39:34:3934 [32minfo[39m: [32mMongoDB disconnected[39m
2025-08-04 01:39:34:3934 [32minfo[39m: [32mMongoDB disconnected[39m
2025-08-04 01:39:34:3934 [32minfo[39m: [32mMongoDB disconnected[39m
2025-08-04 01:39:34:3934 [32minfo[39m: [32mMongoDB disconnected[39m
2025-08-04 01:39:34:3934 [32minfo[39m: [32mMongoDB disconnected[39m
2025-08-04 01:39:34:3934 [32minfo[39m: [32mMongoDB disconnected[39m
2025-08-04 01:39:59:3959 [32minfo[39m: [32m🚀 Starting data fetch and AI generation flow...[39m
2025-08-04 01:39:59:3959 [32minfo[39m: [32mGenerated temporary session for request[39m
2025-08-04 01:39:59:3959 [32minfo[39m: [32m🔍 Checking database cache before AI API call...[39m
2025-08-04 01:39:59:3959 [32minfo[39m: [32mConnected to MongoDB![39m
2025-08-04 01:39:59:3959 [32minfo[39m: [32mSuccessfully connected to MongoDB.[39m
2025-08-04 01:39:59:3959 [32minfo[39m: [32mCache miss for endpoint: https://jsonplaceholder.typicode.com/posts[39m
2025-08-04 01:39:59:3959 [32minfo[39m: [32m❌ CACHE MISS - No existing AI response found in database. Will generate new one.[39m
2025-08-04 01:39:59:3959 [32minfo[39m: [32m🤖 Making AI API call to generate new component...[39m
2025-08-04 01:40:14:4014 [32minfo[39m: [32m💾 Storing new AI response in database cache...[39m
2025-08-04 01:40:14:4014 [32minfo[39m: [32mUsing existing database connection[39m
2025-08-04 01:40:14:4014 [32minfo[39m: [32mCached AI response for endpoint: https://jsonplaceholder.typicode.com/posts[39m
2025-08-04 01:40:14:4014 [32minfo[39m: [32m✅ AI response cached successfully[39m
2025-08-04 01:40:14:4014 [32minfo[39m: [32m✅ Data fetch and AI generation successful[39m
2025-08-04 01:46:45:4645 [32minfo[39m: [32m🚀 Starting data fetch and AI generation flow...[39m
2025-08-04 01:46:45:4645 [32minfo[39m: [32mGenerated temporary session for request[39m
2025-08-04 01:46:45:4645 [32minfo[39m: [32m🔍 Checking database cache before AI API call...[39m
2025-08-04 01:46:45:4645 [32minfo[39m: [32mConnected to MongoDB![39m
2025-08-04 01:46:45:4645 [32minfo[39m: [32mSuccessfully connected to MongoDB.[39m
2025-08-04 01:46:45:4645 [32minfo[39m: [32mCache miss for endpoint: https://jsonplaceholder.typicode.com/posts[39m
2025-08-04 01:46:45:4645 [32minfo[39m: [32m❌ CACHE MISS - No existing AI response found in database. Will generate new one.[39m
2025-08-04 01:46:45:4645 [32minfo[39m: [32m🤖 Making AI API call to generate new component...[39m
2025-08-04 01:46:47:4647 [32minfo[39m: [32mMongoDB disconnected[39m
2025-08-04 01:46:47:4647 [32minfo[39m: [32mMongoDB disconnected[39m
2025-08-04 01:47:25:4725 [32minfo[39m: [32m🚀 Starting data fetch and AI generation flow...[39m
2025-08-04 01:47:25:4725 [32minfo[39m: [32mGenerated temporary session for request[39m
2025-08-04 01:47:25:4725 [32minfo[39m: [32m🔍 Checking database cache before AI API call...[39m
2025-08-04 01:47:25:4725 [32minfo[39m: [32mConnected to MongoDB![39m
2025-08-04 01:47:25:4725 [32minfo[39m: [32mSuccessfully connected to MongoDB.[39m
2025-08-04 01:47:25:4725 [32minfo[39m: [32mCache miss for endpoint: https://jsonplaceholder.typicode.com/posts[39m
2025-08-04 01:47:25:4725 [32minfo[39m: [32m❌ CACHE MISS - No existing AI response found in database. Will generate new one.[39m
2025-08-04 01:47:25:4725 [32minfo[39m: [32m🤖 Making AI API call to generate new component...[39m
2025-08-04 01:47:34:4734 [32minfo[39m: [32m💾 Storing new AI response in database cache...[39m
2025-08-04 01:47:34:4734 [32minfo[39m: [32mUsing existing database connection[39m
2025-08-04 01:47:34:4734 [32minfo[39m: [32mCached AI response for endpoint: https://jsonplaceholder.typicode.com/posts[39m
2025-08-04 01:47:34:4734 [32minfo[39m: [32m✅ AI response cached successfully[39m
2025-08-04 01:47:34:4734 [32minfo[39m: [32m✅ Data fetch and AI generation successful[39m
2025-08-04 01:48:43:4843 [32minfo[39m: [32m🚀 Starting data fetch and AI generation flow...[39m
2025-08-04 01:48:43:4843 [32minfo[39m: [32mGenerated temporary session for request[39m
2025-08-04 01:48:43:4843 [32minfo[39m: [32m🔍 Checking database cache before AI API call...[39m
2025-08-04 01:48:43:4843 [32minfo[39m: [32mUsing existing database connection[39m
2025-08-04 01:48:43:4843 [32minfo[39m: [32mCache miss for endpoint: https://api.starprince.dev/api/vehicle/listing[39m
2025-08-04 01:48:43:4843 [32minfo[39m: [32m❌ CACHE MISS - No existing AI response found in database. Will generate new one.[39m
2025-08-04 01:48:43:4843 [32minfo[39m: [32m🤖 Making AI API call to generate new component...[39m
2025-08-04 01:49:01:491 [32minfo[39m: [32m💾 Storing new AI response in database cache...[39m
2025-08-04 01:49:01:491 [32minfo[39m: [32mUsing existing database connection[39m
2025-08-04 01:49:01:491 [32minfo[39m: [32mCached AI response for endpoint: https://api.starprince.dev/api/vehicle/listing[39m
2025-08-04 01:49:01:491 [32minfo[39m: [32m✅ AI response cached successfully[39m
2025-08-04 01:49:01:491 [32minfo[39m: [32m✅ Data fetch and AI generation successful[39m
2025-08-04 02:05:27:527 [32minfo[39m: [32mMongoDB disconnected[39m
2025-08-04 02:10:51:1051 [32minfo[39m: [32m🚀 Starting data fetch and AI generation flow...[39m
2025-08-04 02:10:51:1051 [32minfo[39m: [32mGenerated temporary session for request[39m
2025-08-04 02:10:51:1051 [32minfo[39m: [32m🔍 Checking database cache before AI API call...[39m
2025-08-04 02:10:51:1051 [32minfo[39m: [32mConnected to MongoDB![39m
2025-08-04 02:10:51:1051 [32minfo[39m: [32mSuccessfully connected to MongoDB.[39m
2025-08-04 02:10:51:1051 [32minfo[39m: [32mCache miss for endpoint: https://api.starprince.dev/api/vehicle/listing[39m
2025-08-04 02:10:51:1051 [32minfo[39m: [32m❌ CACHE MISS - No existing AI response found in database. Will generate new one.[39m
2025-08-04 02:10:51:1051 [32minfo[39m: [32m🤖 Making AI API call to generate new component...[39m
2025-08-04 02:11:09:119 [32minfo[39m: [32m💾 Storing new AI response in database cache...[39m
2025-08-04 02:11:09:119 [32minfo[39m: [32mUsing existing database connection[39m
2025-08-04 02:11:09:119 [32minfo[39m: [32mCached AI response for endpoint: https://api.starprince.dev/api/vehicle/listing[39m
2025-08-04 02:11:09:119 [32minfo[39m: [32m✅ AI response cached successfully[39m
2025-08-04 02:11:09:119 [32minfo[39m: [32m✅ Data fetch and AI generation successful[39m
2025-08-04 02:16:35:1635 [32minfo[39m: [32mMongoDB disconnected[39m
2025-08-04 02:16:59:1659 [32minfo[39m: [32m🚀 Starting data fetch and AI generation flow...[39m
2025-08-04 02:16:59:1659 [32minfo[39m: [32mGenerated temporary session for request[39m
2025-08-04 02:16:59:1659 [32minfo[39m: [32m🔍 Checking database cache before AI API call...[39m
2025-08-04 02:16:59:1659 [32minfo[39m: [32mConnected to MongoDB![39m
2025-08-04 02:16:59:1659 [32minfo[39m: [32mSuccessfully connected to MongoDB.[39m
2025-08-04 02:16:59:1659 [32minfo[39m: [32mCache miss for endpoint: https://jsonplaceholder.typicode.com/posts[39m
2025-08-04 02:16:59:1659 [32minfo[39m: [32m❌ CACHE MISS - No existing AI response found in database. Will generate new one.[39m
2025-08-04 02:16:59:1659 [32minfo[39m: [32m🤖 Making AI API call to generate new component...[39m
2025-08-04 02:17:11:1711 [32minfo[39m: [32m💾 Storing new AI response in database cache...[39m
2025-08-04 02:17:11:1711 [32minfo[39m: [32mUsing existing database connection[39m
2025-08-04 02:17:11:1711 [32minfo[39m: [32mCached AI response for endpoint: https://jsonplaceholder.typicode.com/posts[39m
2025-08-04 02:17:11:1711 [32minfo[39m: [32m✅ AI response cached successfully[39m
2025-08-04 02:17:11:1711 [32minfo[39m: [32m✅ Data fetch and AI generation successful[39m
2025-08-04 02:31:33:3133 [32minfo[39m: [32m🚀 Starting data fetch and AI generation flow...[39m
2025-08-04 02:31:33:3133 [32minfo[39m: [32mGenerated temporary session for request[39m
2025-08-04 02:31:33:3133 [32minfo[39m: [32m🔍 Checking database cache before AI API call...[39m
2025-08-04 02:31:33:3133 [32minfo[39m: [32mConnected to MongoDB![39m
2025-08-04 02:31:33:3133 [32minfo[39m: [32mSuccessfully connected to MongoDB.[39m
2025-08-04 02:31:33:3133 [32minfo[39m: [32mCache miss for endpoint: https://jsonplaceholder.typicode.com/posts[39m
2025-08-04 02:31:33:3133 [32minfo[39m: [32m❌ CACHE MISS - No existing AI response found in database. Will generate new one.[39m
2025-08-04 02:31:33:3133 [32minfo[39m: [32m🤖 Making AI API call to generate new component...[39m
2025-08-04 02:31:48:3148 [32minfo[39m: [32mMongoDB disconnected[39m
2025-08-04 02:31:48:3148 [32minfo[39m: [32mMongoDB disconnected[39m
2025-08-04 02:32:34:3234 [32minfo[39m: [32m🚀 Starting data fetch and AI generation flow...[39m
2025-08-04 02:32:34:3234 [32minfo[39m: [32mGenerated temporary session for request[39m
2025-08-04 02:32:34:3234 [32minfo[39m: [32m🔍 Checking database cache before AI API call...[39m
2025-08-04 02:32:34:3234 [32minfo[39m: [32mConnected to MongoDB![39m
2025-08-04 02:32:34:3234 [32minfo[39m: [32mSuccessfully connected to MongoDB.[39m
2025-08-04 02:32:34:3234 [32minfo[39m: [32mCache miss for endpoint: https://jsonplaceholder.typicode.com/posts[39m
2025-08-04 02:32:34:3234 [32minfo[39m: [32m❌ CACHE MISS - No existing AI response found in database. Will generate new one.[39m
2025-08-04 02:32:34:3234 [32minfo[39m: [32m🤖 Making AI API call to generate new component...[39m
2025-08-04 02:32:46:3246 [32minfo[39m: [32m💾 Storing new AI response in database cache...[39m
2025-08-04 02:32:46:3246 [32minfo[39m: [32mUsing existing database connection[39m
2025-08-04 02:32:46:3246 [32minfo[39m: [32mCached AI response for endpoint: https://jsonplaceholder.typicode.com/posts[39m
2025-08-04 02:32:46:3246 [32minfo[39m: [32m✅ AI response cached successfully[39m
2025-08-04 02:32:46:3246 [32minfo[39m: [32m✅ Data fetch and AI generation successful[39m
2025-08-04 02:35:31:3531 [32minfo[39m: [32m🚀 Starting data fetch and AI generation flow...[39m
2025-08-04 02:35:31:3531 [32minfo[39m: [32mGenerated temporary session for request[39m
2025-08-04 02:35:31:3531 [32minfo[39m: [32m🔍 Checking database cache before AI API call...[39m
2025-08-04 02:35:31:3531 [32minfo[39m: [32mUsing existing database connection[39m
2025-08-04 02:35:31:3531 [32minfo[39m: [32mCache miss for endpoint: https://jsonplaceholder.typicode.com/posts[39m
2025-08-04 02:35:31:3531 [32minfo[39m: [32m❌ CACHE MISS - No existing AI response found in database. Will generate new one.[39m
2025-08-04 02:35:31:3531 [32minfo[39m: [32m🤖 Making AI API call to generate new component...[39m
2025-08-04 02:35:45:3545 [32minfo[39m: [32m💾 Storing new AI response in database cache...[39m
2025-08-04 02:35:45:3545 [32minfo[39m: [32mUsing existing database connection[39m
2025-08-04 02:35:45:3545 [32minfo[39m: [32mCached AI response for endpoint: https://jsonplaceholder.typicode.com/posts[39m
2025-08-04 02:35:45:3545 [32minfo[39m: [32m✅ AI response cached successfully[39m
2025-08-04 02:35:45:3545 [32minfo[39m: [32m✅ Data fetch and AI generation successful[39m
2025-08-04 02:36:49:3649 [32minfo[39m: [32mMongoDB disconnected[39m
2025-08-04 02:37:06:376 [32minfo[39m: [32m🚀 Starting data fetch and AI generation flow...[39m
2025-08-04 02:37:06:376 [32minfo[39m: [32mGenerated temporary session for request[39m
2025-08-04 02:37:06:376 [32minfo[39m: [32m🔍 Checking database cache before AI API call...[39m
2025-08-04 02:37:06:376 [32minfo[39m: [32mConnected to MongoDB![39m
2025-08-04 02:37:06:376 [32minfo[39m: [32mSuccessfully connected to MongoDB.[39m
2025-08-04 02:37:06:376 [32minfo[39m: [32mCache miss for endpoint: https://jsonplaceholder.typicode.com/posts[39m
2025-08-04 02:37:06:376 [32minfo[39m: [32m❌ CACHE MISS - No existing AI response found in database. Will generate new one.[39m
2025-08-04 02:37:06:376 [32minfo[39m: [32m🤖 Making AI API call to generate new component...[39m
2025-08-04 02:37:23:3723 [32minfo[39m: [32m💾 Storing new AI response in database cache...[39m
2025-08-04 02:37:23:3723 [32minfo[39m: [32mUsing existing database connection[39m
2025-08-04 02:37:23:3723 [32minfo[39m: [32mCached AI response for endpoint: https://jsonplaceholder.typicode.com/posts[39m
2025-08-04 02:37:23:3723 [32minfo[39m: [32m✅ AI response cached successfully[39m
2025-08-04 02:37:23:3723 [32minfo[39m: [32m✅ Data fetch and AI generation successful[39m
2025-08-04 02:40:36:4036 [32minfo[39m: [32mMongoDB disconnected[39m
2025-08-04 02:41:01:411 [32minfo[39m: [32m🚀 Starting data fetch and AI generation flow...[39m
2025-08-04 02:41:01:411 [32minfo[39m: [32mGenerated temporary session for request[39m
2025-08-04 02:41:01:411 [32minfo[39m: [32m🔍 Checking database cache before AI API call...[39m
2025-08-04 02:41:01:411 [32minfo[39m: [32mConnected to MongoDB![39m
2025-08-04 02:41:01:411 [32minfo[39m: [32mSuccessfully connected to MongoDB.[39m
2025-08-04 02:41:01:411 [32minfo[39m: [32mCache miss for endpoint: https://jsonplaceholder.typicode.com/posts[39m
2025-08-04 02:41:01:411 [32minfo[39m: [32m❌ CACHE MISS - No existing AI response found in database. Will generate new one.[39m
2025-08-04 02:41:01:411 [32minfo[39m: [32m🤖 Making AI API call to generate new component...[39m
2025-08-04 02:41:22:4122 [32minfo[39m: [32m💾 Storing new AI response in database cache...[39m
2025-08-04 02:41:22:4122 [32minfo[39m: [32mUsing existing database connection[39m
2025-08-04 02:41:22:4122 [32minfo[39m: [32mCached AI response for endpoint: https://jsonplaceholder.typicode.com/posts[39m
2025-08-04 02:41:22:4122 [32minfo[39m: [32m✅ AI response cached successfully[39m
2025-08-04 02:41:22:4122 [32minfo[39m: [32m✅ Data fetch and AI generation successful[39m
2025-08-04 02:41:29:4129 [32minfo[39m: [32mMongoDB disconnected[39m
2025-08-04 02:41:47:4147 [32minfo[39m: [32m🚀 Starting data fetch and AI generation flow...[39m
2025-08-04 02:41:47:4147 [32minfo[39m: [32mGenerated temporary session for request[39m
2025-08-04 02:41:47:4147 [32minfo[39m: [32m🔍 Checking database cache before AI API call...[39m
2025-08-04 02:41:47:4147 [32minfo[39m: [32mConnected to MongoDB![39m
2025-08-04 02:41:47:4147 [32minfo[39m: [32mSuccessfully connected to MongoDB.[39m
2025-08-04 02:41:47:4147 [32minfo[39m: [32mCache miss for endpoint: https://jsonplaceholder.typicode.com/posts[39m
2025-08-04 02:41:47:4147 [32minfo[39m: [32m❌ CACHE MISS - No existing AI response found in database. Will generate new one.[39m
2025-08-04 02:41:47:4147 [32minfo[39m: [32m🤖 Making AI API call to generate new component...[39m
2025-08-04 02:42:02:422 [32minfo[39m: [32m💾 Storing new AI response in database cache...[39m
2025-08-04 02:42:02:422 [32minfo[39m: [32mUsing existing database connection[39m
2025-08-04 02:42:02:422 [32minfo[39m: [32mCached AI response for endpoint: https://jsonplaceholder.typicode.com/posts[39m
2025-08-04 02:42:02:422 [32minfo[39m: [32m✅ AI response cached successfully[39m
2025-08-04 02:42:02:422 [32minfo[39m: [32m✅ Data fetch and AI generation successful[39m
